0
Update 5
T[5] = 5
T[6] = 5
T[8] = 5
T[16] = 5
T[32] = 5
T[64] = 5
T[128] = 5
T[256] = 5
T[512] = 5
T[1024] = 5
T[2048] = 5
T[4096] = 5
T[8192] = 5
T[16384] = 5
T[32768] = 5
T[65536] = 5
T[131072] = 5
T[262144] = 5
T[524288] = 5
0
Update 1
T[1] = 1
T[2] = 1
T[4] = 1
T[8] = 6
T[16] = 6
T[32] = 6
T[64] = 6
T[128] = 6
T[256] = 6
T[512] = 6
T[1024] = 6
T[2048] = 6
T[4096] = 6
T[8192] = 6
T[16384] = 6
T[32768] = 6
T[65536] = 6
T[131072] = 6
T[262144] = 6
T[524288] = 6
6
Update 7
T[7] = 7
T[8] = 13
T[16] = 13
T[32] = 13
T[64] = 13
T[128] = 13
T[256] = 13
T[512] = 13
T[1024] = 13
T[2048] = 13
T[4096] = 13
T[8192] = 13
T[16384] = 13
T[32768] = 13
T[65536] = 13
T[131072] = 13
T[262144] = 13
T[524288] = 13
13
Update 15
T[15] = 15
T[16] = 28
T[32] = 28
T[64] = 28
T[128] = 28
T[256] = 28
T[512] = 28
T[1024] = 28
T[2048] = 28
T[4096] = 28
T[8192] = 28
T[16384] = 28
T[32768] = 28
T[65536] = 28
T[131072] = 28
T[262144] = 28
T[524288] = 28
13
Update 10
T[10] = 10
T[12] = 10
T[16] = 38
T[32] = 38
T[64] = 38
T[128] = 38
T[256] = 38
T[512] = 38
T[1024] = 38
T[2048] = 38
T[4096] = 38
T[8192] = 38
T[16384] = 38
T[32768] = 38
T[65536] = 38
T[131072] = 38
T[262144] = 38
T[524288] = 38
6
Update 6
T[6] = 11
T[8] = 19
T[16] = 44
T[32] = 44
T[64] = 44
T[128] = 44
T[256] = 44
T[512] = 44
T[1024] = 44
T[2048] = 44
T[4096] = 44
T[8192] = 44
T[16384] = 44
T[32768] = 44
T[65536] = 44
T[131072] = 44
T[262144] = 44
T[524288] = 44
19
Update 8
T[8] = 27
T[16] = 52
T[32] = 52
T[64] = 52
T[128] = 52
T[256] = 52
T[512] = 52
T[1024] = 52
T[2048] = 52
T[4096] = 52
T[8192] = 52
T[16384] = 52
T[32768] = 52
T[65536] = 52
T[131072] = 52
T[262144] = 52
T[524288] = 52
27
Update 9
T[9] = 9
T[10] = 19
T[12] = 19
T[16] = 61
T[32] = 61
T[64] = 61
T[128] = 61
T[256] = 61
T[512] = 61
T[1024] = 61
T[2048] = 61
T[4096] = 61
T[8192] = 61
T[16384] = 61
T[32768] = 61
T[65536] = 61
T[131072] = 61
T[262144] = 61
T[524288] = 61
1
Update 2
T[2] = 3
T[4] = 3
T[8] = 29
T[16] = 63
T[32] = 63
T[64] = 63
T[128] = 63
T[256] = 63
T[512] = 63
T[1024] = 63
T[2048] = 63
T[4096] = 63
T[8192] = 63
T[16384] = 63
T[32768] = 63
T[65536] = 63
T[131072] = 63
T[262144] = 63
T[524288] = 63
3
Update 3
T[3] = 3
T[4] = 6
T[8] = 32
T[16] = 66
T[32] = 66
T[64] = 66
T[128] = 66
T[256] = 66
T[512] = 66
T[1024] = 66
T[2048] = 66
T[4096] = 66
T[8192] = 66
T[16384] = 66
T[32768] = 66
T[65536] = 66
T[131072] = 66
T[262144] = 66
T[524288] = 66
